# JRE version: OpenJDK Runtime Environment (21.0.9) (build 21.0.9+-14649483-b1163.86)
# Java VM: OpenJDK 64-Bit Server VM (21.0.9+-14649483-b1163.86, mixed mode, tiered, compressed oops, compressed class ptrs, parallel gc, windows-amd64)
GC Precious Log:
 CardTable entry size: 512
 CPUs: 24 total, 24 available
 Memory: 65444M
 Large Page Support: Disabled
 NUMA Support: Disabled
 Compressed Oops: Enabled (32-bit)
 Alignments: Space 512K, Generation 512K, Heap 2M
 Heap Min Capacity: 8M
 Heap Initial Capacity: 1G
 Heap Max Capacity: 2G
 Pre-touch: Disabled
 Parallel Workers: 18
Heap:
 PSYoungGen      total 305664K, used 29537K [0x00000000d5580000, 0x00000000fae80000, 0x0000000100000000)
  eden space 262144K, 11% used [0x00000000d5580000,0x00000000d7258678,0x00000000e5580000)
  from space 43520K, 0% used [0x00000000e5580000,0x00000000e5580000,0x00000000e8000000)
  to   space 45568K, 0% used [0x00000000f8200000,0x00000000f8200000,0x00000000fae80000)
 ParOldGen       total 699392K, used 58624K [0x0000000080000000, 0x00000000aab00000, 0x00000000d5580000)
  object space 699392K, 8% used [0x0000000080000000,0x00000000839403a8,0x00000000aab00000)
 Metaspace       used 59952K, committed 61632K, reserved 1114112K
  class space    used 8495K, committed 9280K, reserved 1048576K
GC Heap History (16 events):
Event: 1.299 GC heap before
{Heap before GC invocations=1 (full 0):
 PSYoungGen      total 305664K, used 262144K [0x00000000d5580000, 0x00000000eaa80000, 0x0000000100000000)
  eden space 262144K, 100% used [0x00000000d5580000,0x00000000e5580000,0x00000000e5580000)
  from space 43520K, 0% used [0x00000000e8000000,0x00000000e8000000,0x00000000eaa80000)
  to   space 43520K, 0% used [0x00000000e5580000,0x00000000e5580000,0x00000000e8000000)
 ParOldGen       total 699392K, used 0K [0x0000000080000000, 0x00000000aab00000, 0x00000000d5580000)
  object space 699392K, 0% used [0x0000000080000000,0x0000000080000000,0x00000000aab00000)
 Metaspace       used 20827K, committed 21120K, reserved 1114112K
  class space    used 2425K, committed 2560K, reserved 1048576K
}
Event: 1.303 GC heap after
{Heap after GC invocations=1 (full 0):
 PSYoungGen      total 305664K, used 19033K [0x00000000d5580000, 0x00000000eaa80000, 0x0000000100000000)
  eden space 262144K, 0% used [0x00000000d5580000,0x00000000d5580000,0x00000000e5580000)
  from space 43520K, 43% used [0x00000000e5580000,0x00000000e6816678,0x00000000e8000000)
  to   space 43520K, 0% used [0x00000000e8000000,0x00000000e8000000,0x00000000eaa80000)
 ParOldGen       total 699392K, used 24K [0x0000000080000000, 0x00000000aab00000, 0x00000000d5580000)
  object space 699392K, 0% used [0x0000000080000000,0x0000000080006000,0x00000000aab00000)
 Metaspace       used 20827K, committed 21120K, reserved 1114112K
  class space    used 2425K, committed 2560K, reserved 1048576K
}
Event: 1.318 GC heap before
{Heap before GC invocations=2 (full 0):
 PSYoungGen      total 305664K, used 29519K [0x00000000d5580000, 0x00000000eaa80000, 0x0000000100000000)
  eden space 262144K, 4% used [0x00000000d5580000,0x00000000d5fbd7a8,0x00000000e5580000)
  from space 43520K, 43% used [0x00000000e5580000,0x00000000e6816678,0x00000000e8000000)
  to   space 43520K, 0% used [0x00000000e8000000,0x00000000e8000000,0x00000000eaa80000)
 ParOldGen       total 699392K, used 24K [0x0000000080000000, 0x00000000aab00000, 0x00000000d5580000)
  object space 699392K, 0% used [0x0000000080000000,0x0000000080006000,0x00000000aab00000)
 Metaspace       used 21246K, committed 21504K, reserved 1114112K
  class space    used 2484K, committed 2624K, reserved 1048576K
}
Event: 1.322 GC heap after
{Heap after GC invocations=2 (full 0):
 PSYoungGen      total 305664K, used 19078K [0x00000000d5580000, 0x00000000eaa80000, 0x0000000100000000)
  eden space 262144K, 0% used [0x00000000d5580000,0x00000000d5580000,0x00000000e5580000)
  from space 43520K, 43% used [0x00000000e8000000,0x00000000e92a1928,0x00000000eaa80000)
  to   space 43520K, 0% used [0x00000000e5580000,0x00000000e5580000,0x00000000e8000000)
 ParOldGen       total 699392K, used 32K [0x0000000080000000, 0x00000000aab00000, 0x00000000d5580000)
  object space 699392K, 0% used [0x0000000080000000,0x0000000080008000,0x00000000aab00000)
 Metaspace       used 21246K, committed 21504K, reserved 1114112K
  class space    used 2484K, committed 2624K, reserved 1048576K
}
Event: 1.322 GC heap before
{Heap before GC invocations=3 (full 1):
 PSYoungGen      total 305664K, used 19078K [0x00000000d5580000, 0x00000000eaa80000, 0x0000000100000000)
  eden space 262144K, 0% used [0x00000000d5580000,0x00000000d5580000,0x00000000e5580000)
  from space 43520K, 43% used [0x00000000e8000000,0x00000000e92a1928,0x00000000eaa80000)
  to   space 43520K, 0% used [0x00000000e5580000,0x00000000e5580000,0x00000000e8000000)
 ParOldGen       total 699392K, used 32K [0x0000000080000000, 0x00000000aab00000, 0x00000000d5580000)
  object space 699392K, 0% used [0x0000000080000000,0x0000000080008000,0x00000000aab00000)
 Metaspace       used 21246K, committed 21504K, reserved 1114112K
  class space    used 2484K, committed 2624K, reserved 1048576K
}
Event: 1.333 GC heap after
{Heap after GC invocations=3 (full 1):
 PSYoungGen      total 305664K, used 0K [0x00000000d5580000, 0x00000000eaa80000, 0x0000000100000000)
  eden space 262144K, 0% used [0x00000000d5580000,0x00000000d5580000,0x00000000e5580000)
  from space 43520K, 0% used [0x00000000e8000000,0x00000000e8000000,0x00000000eaa80000)
  to   space 43520K, 0% used [0x00000000e5580000,0x00000000e5580000,0x00000000e8000000)
 ParOldGen       total 699392K, used 18513K [0x0000000080000000, 0x00000000aab00000, 0x00000000d5580000)
  object space 699392K, 2% used [0x0000000080000000,0x00000000812145a8,0x00000000aab00000)
 Metaspace       used 21246K, committed 21504K, reserved 1114112K
  class space    used 2484K, committed 2624K, reserved 1048576K
}
Event: 1.913 GC heap before
{Heap before GC invocations=4 (full 1):
 PSYoungGen      total 305664K, used 113498K [0x00000000d5580000, 0x00000000eaa80000, 0x0000000100000000)
  eden space 262144K, 43% used [0x00000000d5580000,0x00000000dc456a00,0x00000000e5580000)
  from space 43520K, 0% used [0x00000000e8000000,0x00000000e8000000,0x00000000eaa80000)
  to   space 43520K, 0% used [0x00000000e5580000,0x00000000e5580000,0x00000000e8000000)
 ParOldGen       total 699392K, used 18513K [0x0000000080000000, 0x00000000aab00000, 0x00000000d5580000)
  object space 699392K, 2% used [0x0000000080000000,0x00000000812145a8,0x00000000aab00000)
 Metaspace       used 35176K, committed 35840K, reserved 1114112K
  class space    used 4591K, committed 4928K, reserved 1048576K
}
Event: 1.915 GC heap after
{Heap after GC invocations=4 (full 1):
 PSYoungGen      total 305664K, used 4976K [0x00000000d5580000, 0x00000000eaa80000, 0x0000000100000000)
  eden space 262144K, 0% used [0x00000000d5580000,0x00000000d5580000,0x00000000e5580000)
  from space 43520K, 11% used [0x00000000e5580000,0x00000000e5a5c150,0x00000000e8000000)
  to   space 43520K, 0% used [0x00000000e8000000,0x00000000e8000000,0x00000000eaa80000)
 ParOldGen       total 699392K, used 18521K [0x0000000080000000, 0x00000000aab00000, 0x00000000d5580000)
  object space 699392K, 2% used [0x0000000080000000,0x00000000812165a8,0x00000000aab00000)
 Metaspace       used 35176K, committed 35840K, reserved 1114112K
  class space    used 4591K, committed 4928K, reserved 1048576K
}
Event: 1.915 GC heap before
{Heap before GC invocations=5 (full 2):
 PSYoungGen      total 305664K, used 4976K [0x00000000d5580000, 0x00000000eaa80000, 0x0000000100000000)
  eden space 262144K, 0% used [0x00000000d5580000,0x00000000d5580000,0x00000000e5580000)
  from space 43520K, 11% used [0x00000000e5580000,0x00000000e5a5c150,0x00000000e8000000)
  to   space 43520K, 0% used [0x00000000e8000000,0x00000000e8000000,0x00000000eaa80000)
 ParOldGen       total 699392K, used 18521K [0x0000000080000000, 0x00000000aab00000, 0x00000000d5580000)
  object space 699392K, 2% used [0x0000000080000000,0x00000000812165a8,0x00000000aab00000)
 Metaspace       used 35176K, committed 35840K, reserved 1114112K
  class space    used 4591K, committed 4928K, reserved 1048576K
}
Event: 1.929 GC heap after
{Heap after GC invocations=5 (full 2):
 PSYoungGen      total 305664K, used 0K [0x00000000d5580000, 0x00000000eaa80000, 0x0000000100000000)
  eden space 262144K, 0% used [0x00000000d5580000,0x00000000d5580000,0x00000000e5580000)
  from space 43520K, 0% used [0x00000000e5580000,0x00000000e5580000,0x00000000e8000000)
  to   space 43520K, 0% used [0x00000000e8000000,0x00000000e8000000,0x00000000eaa80000)
 ParOldGen       total 699392K, used 22907K [0x0000000080000000, 0x00000000aab00000, 0x00000000d5580000)
  object space 699392K, 3% used [0x0000000080000000,0x000000008165eea8,0x00000000aab00000)
 Metaspace       used 35176K, committed 35840K, reserved 1114112K
  class space    used 4591K, committed 4928K, reserved 1048576K
}
Event: 3.190 GC heap before
{Heap before GC invocations=6 (full 2):
 PSYoungGen      total 305664K, used 262144K [0x00000000d5580000, 0x00000000eaa80000, 0x0000000100000000)
  eden space 262144K, 100% used [0x00000000d5580000,0x00000000e5580000,0x00000000e5580000)
  from space 43520K, 0% used [0x00000000e5580000,0x00000000e5580000,0x00000000e8000000)
  to   space 43520K, 0% used [0x00000000e8000000,0x00000000e8000000,0x00000000eaa80000)
 ParOldGen       total 699392K, used 22907K [0x0000000080000000, 0x00000000aab00000, 0x00000000d5580000)
  object space 699392K, 3% used [0x0000000080000000,0x000000008165eea8,0x00000000aab00000)
 Metaspace       used 57360K, committed 58944K, reserved 1114112K
  class space    used 8118K, committed 8896K, reserved 1048576K
}
Event: 3.196 GC heap after
{Heap after GC invocations=6 (full 2):
 PSYoungGen      total 305664K, used 33845K [0x00000000d5580000, 0x00000000faa80000, 0x0000000100000000)
  eden space 262144K, 0% used [0x00000000d5580000,0x00000000d5580000,0x00000000e5580000)
  from space 43520K, 77% used [0x00000000e8000000,0x00000000ea10d7c0,0x00000000eaa80000)
  to   space 43520K, 0% used [0x00000000e5580000,0x00000000e5580000,0x00000000e8000000)
 ParOldGen       total 699392K, used 22915K [0x0000000080000000, 0x00000000aab00000, 0x00000000d5580000)
  object space 699392K, 3% used [0x0000000080000000,0x0000000081660ea8,0x00000000aab00000)
 Metaspace       used 57360K, committed 58944K, reserved 1114112K
  class space    used 8118K, committed 8896K, reserved 1048576K
}
Event: 3.355 GC heap before
{Heap before GC invocations=7 (full 2):
 PSYoungGen      total 305664K, used 73560K [0x00000000d5580000, 0x00000000faa80000, 0x0000000100000000)
  eden space 262144K, 15% used [0x00000000d5580000,0x00000000d7c48aa0,0x00000000e5580000)
  from space 43520K, 77% used [0x00000000e8000000,0x00000000ea10d7c0,0x00000000eaa80000)
  to   space 43520K, 0% used [0x00000000e5580000,0x00000000e5580000,0x00000000e8000000)
 ParOldGen       total 699392K, used 22915K [0x0000000080000000, 0x00000000aab00000, 0x00000000d5580000)
  object space 699392K, 3% used [0x0000000080000000,0x0000000081660ea8,0x00000000aab00000)
 Metaspace       used 58188K, committed 59776K, reserved 1114112K
  class space    used 8197K, committed 8960K, reserved 1048576K
}
Event: 3.362 GC heap after
{Heap after GC invocations=7 (full 2):
 PSYoungGen      total 305664K, used 36498K [0x00000000d5580000, 0x00000000fae80000, 0x0000000100000000)
  eden space 262144K, 0% used [0x00000000d5580000,0x00000000d5580000,0x00000000e5580000)
  from space 43520K, 83% used [0x00000000e5580000,0x00000000e7924a38,0x00000000e8000000)
  to   space 45568K, 0% used [0x00000000f8200000,0x00000000f8200000,0x00000000fae80000)
 ParOldGen       total 699392K, used 22923K [0x0000000080000000, 0x00000000aab00000, 0x00000000d5580000)
  object space 699392K, 3% used [0x0000000080000000,0x0000000081662ea8,0x00000000aab00000)
 Metaspace       used 58188K, committed 59776K, reserved 1114112K
  class space    used 8197K, committed 8960K, reserved 1048576K
}
Event: 3.362 GC heap before
{Heap before GC invocations=8 (full 3):
 PSYoungGen      total 305664K, used 36498K [0x00000000d5580000, 0x00000000fae80000, 0x0000000100000000)
  eden space 262144K, 0% used [0x00000000d5580000,0x00000000d5580000,0x00000000e5580000)
  from space 43520K, 83% used [0x00000000e5580000,0x00000000e7924a38,0x00000000e8000000)
  to   space 45568K, 0% used [0x00000000f8200000,0x00000000f8200000,0x00000000fae80000)
 ParOldGen       total 699392K, used 22923K [0x0000000080000000, 0x00000000aab00000, 0x00000000d5580000)
  object space 699392K, 3% used [0x0000000080000000,0x0000000081662ea8,0x00000000aab00000)
 Metaspace       used 58188K, committed 59776K, reserved 1114112K
  class space    used 8197K, committed 8960K, reserved 1048576K
}
Event: 3.392 GC heap after
{Heap after GC invocations=8 (full 3):
 PSYoungGen      total 305664K, used 0K [0x00000000d5580000, 0x00000000fae80000, 0x0000000100000000)
  eden space 262144K, 0% used [0x00000000d5580000,0x00000000d5580000,0x00000000e5580000)
  from space 43520K, 0% used [0x00000000e5580000,0x00000000e5580000,0x00000000e8000000)
  to   space 45568K, 0% used [0x00000000f8200000,0x00000000f8200000,0x00000000fae80000)
 ParOldGen       total 699392K, used 58624K [0x0000000080000000, 0x00000000aab00000, 0x00000000d5580000)
  object space 699392K, 8% used [0x0000000080000000,0x00000000839403a8,0x00000000aab00000)
 Metaspace       used 58188K, committed 59776K, reserved 1114112K
  class space    used 8197K, committed 8960K, reserved 1048576K
}

